2025-11-16 08:50:32.232 [main] ERROR com.zaxxer.hikari.pool.HikariPool - HikariPool-1 - Error thrown while acquiring connection from data source [component=DatabaseManager, trace=c8d3a421-d25b-4030-8b7e-35af8922d70c]
org.postgresql.util.PSQLException: This connection has been closed.
	at org.postgresql.jdbc.PgConnection.checkClosed(PgConnection.java:1009)
	at org.postgresql.jdbc.PgConnection.setTransactionIsolation(PgConnection.java:1071)
	at com.zaxxer.hikari.pool.PoolBase.setupConnection(PoolBase.java:415)
	at com.zaxxer.hikari.pool.PoolBase.newConnection(PoolBase.java:365)
	at com.zaxxer.hikari.pool.PoolBase.newPoolEntry(PoolBase.java:202)
	at com.zaxxer.hikari.pool.HikariPool.createPoolEntry(HikariPool.java:461)
	at com.zaxxer.hikari.pool.HikariPool.checkFailFast(HikariPool.java:550)
	at com.zaxxer.hikari.pool.HikariPool.<init>(HikariPool.java:98)
	at com.zaxxer.hikari.HikariDataSource.<init>(HikariDataSource.java:80)
	at org.skypulse.config.database.DatabaseManager.initialize(DatabaseManager.java:55)
	at org.skypulse.Main.main(Main.java:37)
2025-11-16 08:50:33.537 [main] ERROR o.s.config.database.DatabaseManager - Database initialization failed: Failed to initialize pool: This connection has been closed. [component=DatabaseManager, trace=c8d3a421-d25b-4030-8b7e-35af8922d70c]
2025-11-16 08:50:33.537 [main] ERROR org.skypulse.Main - Database initialization failed: com.zaxxer.hikari.pool.HikariPool$PoolInitializationException: Failed to initialize pool: This connection has been closed. [component=, trace=]
2025-11-16 17:02:58.934 [main] ERROR o.s.config.database.DatabaseManager - Database initialization failed: Failed to initialize pool: Connection to localhost:5434 refused. Check that the hostname and port are correct and that the postmaster is accepting TCP/IP connections. [component=DatabaseManager, trace=06720769-7aea-4b14-8bea-ed21213997d3]
2025-11-16 17:02:58.954 [main] ERROR org.skypulse.Main - Database initialization failed: com.zaxxer.hikari.pool.HikariPool$PoolInitializationException: Failed to initialize pool: Connection to localhost:5434 refused. Check that the hostname and port are correct and that the postmaster is accepting TCP/IP connections. [component=, trace=]
2025-11-16 17:03:11.540 [pool-2-thread-1] ERROR o.s.config.database.DatabaseManager - Database initialization failed: Failed to initialize pool: Connection to localhost:5434 refused. Check that the hostname and port are correct and that the postmaster is accepting TCP/IP connections. [component=DatabaseManager, trace=0d02acfc-510f-40ad-9ba8-e350f4dd3059]
2025-11-16 17:03:31.546 [pool-2-thread-1] ERROR o.s.config.database.DatabaseManager - Database initialization failed: Failed to initialize pool: Connection to localhost:5434 refused. Check that the hostname and port are correct and that the postmaster is accepting TCP/IP connections. [component=DatabaseManager, trace=d009320a-de38-49a9-a47c-62c2211d3a43]
2025-11-16 17:03:51.541 [pool-2-thread-1] ERROR o.s.config.database.DatabaseManager - Database initialization failed: Failed to initialize pool: Connection to localhost:5434 refused. Check that the hostname and port are correct and that the postmaster is accepting TCP/IP connections. [component=DatabaseManager, trace=3275fca7-218f-4c1a-b420-d3275e3116ac]
2025-11-16 17:04:11.533 [pool-2-thread-1] ERROR o.s.config.database.DatabaseManager - Database initialization failed: Failed to initialize pool: Connection to localhost:5434 refused. Check that the hostname and port are correct and that the postmaster is accepting TCP/IP connections. [component=DatabaseManager, trace=fdc48d4d-7217-4742-8e70-62c2e5e1a797]
2025-11-16 17:04:31.536 [pool-2-thread-1] ERROR o.s.config.database.DatabaseManager - Database initialization failed: Failed to initialize pool: Connection to localhost:5434 refused. Check that the hostname and port are correct and that the postmaster is accepting TCP/IP connections. [component=DatabaseManager, trace=b7139121-89b8-4484-a0ad-f69f51c680bf]
2025-11-16 17:04:51.540 [pool-2-thread-1] ERROR o.s.config.database.DatabaseManager - Database initialization failed: Failed to initialize pool: Connection to localhost:5434 refused. Check that the hostname and port are correct and that the postmaster is accepting TCP/IP connections. [component=DatabaseManager, trace=094a036a-d690-4960-a758-27dbb2b9535b]
2025-11-16 17:05:11.530 [pool-2-thread-1] ERROR o.s.config.database.DatabaseManager - Database initialization failed: Failed to initialize pool: Connection to localhost:5434 refused. Check that the hostname and port are correct and that the postmaster is accepting TCP/IP connections. [component=DatabaseManager, trace=1a11b9f0-b29e-4950-b090-11761b7cd537]
2025-11-16 17:05:31.532 [pool-2-thread-1] ERROR o.s.config.database.DatabaseManager - Database initialization failed: Failed to initialize pool: Connection to localhost:5434 refused. Check that the hostname and port are correct and that the postmaster is accepting TCP/IP connections. [component=DatabaseManager, trace=b801089b-6523-4f94-9f75-4d799b5f2b9b]
2025-11-16 17:05:51.539 [pool-2-thread-1] ERROR o.s.config.database.DatabaseManager - Database initialization failed: Failed to initialize pool: Connection to localhost:5434 refused. Check that the hostname and port are correct and that the postmaster is accepting TCP/IP connections. [component=DatabaseManager, trace=4e3f3474-31f9-4790-a973-fc763c669cd6]
2025-11-16 17:06:11.546 [pool-2-thread-1] ERROR o.s.config.database.DatabaseManager - Database initialization failed: Failed to initialize pool: Connection to localhost:5434 refused. Check that the hostname and port are correct and that the postmaster is accepting TCP/IP connections. [component=DatabaseManager, trace=0d26a111-4e66-434e-b6e8-02677280b5c1]
2025-11-16 17:06:31.538 [pool-2-thread-1] ERROR o.s.config.database.DatabaseManager - Database initialization failed: Failed to initialize pool: Connection to localhost:5434 refused. Check that the hostname and port are correct and that the postmaster is accepting TCP/IP connections. [component=DatabaseManager, trace=51cd1c7b-2ed3-4f34-a124-c299457bb08b]
2025-11-16 17:06:51.533 [pool-2-thread-1] ERROR o.s.config.database.DatabaseManager - Database initialization failed: Failed to initialize pool: Connection to localhost:5434 refused. Check that the hostname and port are correct and that the postmaster is accepting TCP/IP connections. [component=DatabaseManager, trace=a6d6bed4-f482-49c6-b530-a51a6c7d9ec5]
2025-11-16 17:07:11.531 [pool-2-thread-1] ERROR o.s.config.database.DatabaseManager - Database initialization failed: Failed to initialize pool: Connection to localhost:5434 refused. Check that the hostname and port are correct and that the postmaster is accepting TCP/IP connections. [component=DatabaseManager, trace=46f4ea6c-400c-4e3f-84ea-6b094c0202af]
2025-11-16 17:07:31.536 [pool-2-thread-1] ERROR o.s.config.database.DatabaseManager - Database initialization failed: Failed to initialize pool: Connection to localhost:5434 refused. Check that the hostname and port are correct and that the postmaster is accepting TCP/IP connections. [component=DatabaseManager, trace=c930711f-5d3b-454e-8700-b139c886e18a]
2025-11-16 17:07:51.553 [pool-2-thread-1] ERROR o.s.config.database.DatabaseManager - Database initialization failed: Failed to initialize pool: Connection to localhost:5434 refused. Check that the hostname and port are correct and that the postmaster is accepting TCP/IP connections. [component=DatabaseManager, trace=9420b530-d15e-4e43-bd16-e0c07f15658a]
2025-11-16 17:08:11.542 [pool-2-thread-1] ERROR o.s.config.database.DatabaseManager - Database initialization failed: Failed to initialize pool: Connection to localhost:5434 refused. Check that the hostname and port are correct and that the postmaster is accepting TCP/IP connections. [component=DatabaseManager, trace=be1debd3-c8e8-40c8-ad47-038660947486]
2025-11-16 17:08:31.541 [pool-2-thread-1] ERROR o.s.config.database.DatabaseManager - Database initialization failed: Failed to initialize pool: Connection to localhost:5434 refused. Check that the hostname and port are correct and that the postmaster is accepting TCP/IP connections. [component=DatabaseManager, trace=e5ab5e3c-2c5a-41d1-a330-e9f734a3ac00]
2025-11-16 17:08:51.532 [pool-2-thread-1] ERROR o.s.config.database.DatabaseManager - Database initialization failed: Failed to initialize pool: Connection to localhost:5434 refused. Check that the hostname and port are correct and that the postmaster is accepting TCP/IP connections. [component=DatabaseManager, trace=09cea4f6-a802-4a32-85ea-d9e2202b2a79]
2025-11-16 17:09:11.545 [pool-2-thread-1] ERROR o.s.config.database.DatabaseManager - Database initialization failed: Failed to initialize pool: Connection to localhost:5434 refused. Check that the hostname and port are correct and that the postmaster is accepting TCP/IP connections. [component=DatabaseManager, trace=b64bd02e-3a7d-4049-b318-2a30f6345ff4]
2025-11-16 17:09:31.535 [pool-2-thread-1] ERROR o.s.config.database.DatabaseManager - Database initialization failed: Failed to initialize pool: Connection to localhost:5434 refused. Check that the hostname and port are correct and that the postmaster is accepting TCP/IP connections. [component=DatabaseManager, trace=e11cde61-6fe1-4582-a41b-b30dd3f3a852]
2025-11-16 17:09:51.534 [pool-2-thread-1] ERROR o.s.config.database.DatabaseManager - Database initialization failed: Failed to initialize pool: Connection to localhost:5434 refused. Check that the hostname and port are correct and that the postmaster is accepting TCP/IP connections. [component=DatabaseManager, trace=19a91135-0686-4b4a-8652-71e1b4bb660f]
2025-11-16 17:10:11.543 [pool-2-thread-1] ERROR o.s.config.database.DatabaseManager - Database initialization failed: Failed to initialize pool: Connection to localhost:5434 refused. Check that the hostname and port are correct and that the postmaster is accepting TCP/IP connections. [component=DatabaseManager, trace=e0d49714-de96-47b9-804c-6ea5bd40339c]
2025-11-16 18:45:18.346 [XNIO-1 task-2] ERROR io.undertow.request - UT005071: Undertow request failed HttpServerExchange{ POST /api/rest/auth/register} [component=, trace=]
java.lang.ClassCastException: class java.lang.Integer cannot be cast to class java.lang.String (java.lang.Integer and java.lang.String are in module java.base of loader 'bootstrap')
	at org.skypulse.auth.UserSignupHandler.handleRequest(AuthRegisterHandler.java:30)
	at io.undertow.server.handlers.BlockingHandler.handleRequest(BlockingHandler.java:56)
	at io.undertow.server.Connectors.executeRootHandler(Connectors.java:395)
	at io.undertow.server.HttpServerExchange$1.run(HttpServerExchange.java:900)
	at org.jboss.threads.ContextHandler$1.runWith(ContextHandler.java:18)
	at org.jboss.threads.EnhancedQueueExecutor$Task.doRunWith(EnhancedQueueExecutor.java:2691)
	at org.jboss.threads.EnhancedQueueExecutor$Task.run(EnhancedQueueExecutor.java:2670)
	at org.jboss.threads.EnhancedQueueExecutor$ThreadBody.run(EnhancedQueueExecutor.java:1589)
	at org.xnio.XnioWorker$WorkerThreadFactory$1$1.run(XnioWorker.java:1282)
	at java.base/java.lang.Thread.run(Thread.java:1474)
2025-11-16 18:45:40.898 [XNIO-1 task-2] ERROR io.undertow.request - UT005071: Undertow request failed HttpServerExchange{ POST /api/rest/auth/register} [component=, trace=]
java.lang.ClassCastException: class java.lang.Integer cannot be cast to class java.lang.String (java.lang.Integer and java.lang.String are in module java.base of loader 'bootstrap')
	at org.skypulse.auth.UserSignupHandler.handleRequest(AuthRegisterHandler.java:30)
	at io.undertow.server.handlers.BlockingHandler.handleRequest(BlockingHandler.java:56)
	at io.undertow.server.Connectors.executeRootHandler(Connectors.java:395)
	at io.undertow.server.HttpServerExchange$1.run(HttpServerExchange.java:900)
	at org.jboss.threads.ContextHandler$1.runWith(ContextHandler.java:18)
	at org.jboss.threads.EnhancedQueueExecutor$Task.doRunWith(EnhancedQueueExecutor.java:2691)
	at org.jboss.threads.EnhancedQueueExecutor$Task.run(EnhancedQueueExecutor.java:2670)
	at org.jboss.threads.EnhancedQueueExecutor$ThreadBody.run(EnhancedQueueExecutor.java:1615)
	at org.xnio.XnioWorker$WorkerThreadFactory$1$1.run(XnioWorker.java:1282)
	at java.base/java.lang.Thread.run(Thread.java:1474)
2025-11-16 18:55:51.695 [XNIO-1 task-2] ERROR io.undertow.request - UT005071: Undertow request failed HttpServerExchange{ POST /api/rest/auth/register} [component=, trace=]
java.lang.ClassCastException: class java.lang.Integer cannot be cast to class java.lang.String (java.lang.Integer and java.lang.String are in module java.base of loader 'bootstrap')
	at org.skypulse.auth.UserSignupHandler.handleRequest(AuthRegisterHandler.java:31)
	at io.undertow.server.handlers.BlockingHandler.handleRequest(BlockingHandler.java:56)
	at io.undertow.server.Connectors.executeRootHandler(Connectors.java:395)
	at io.undertow.server.HttpServerExchange$1.run(HttpServerExchange.java:900)
	at org.jboss.threads.ContextHandler$1.runWith(ContextHandler.java:18)
	at org.jboss.threads.EnhancedQueueExecutor$Task.doRunWith(EnhancedQueueExecutor.java:2691)
	at org.jboss.threads.EnhancedQueueExecutor$Task.run(EnhancedQueueExecutor.java:2670)
	at org.jboss.threads.EnhancedQueueExecutor$ThreadBody.run(EnhancedQueueExecutor.java:1589)
	at org.xnio.XnioWorker$WorkerThreadFactory$1$1.run(XnioWorker.java:1282)
	at java.base/java.lang.Thread.run(Thread.java:1474)
2025-11-16 18:56:09.157 [XNIO-1 task-2] ERROR io.undertow.request - UT005071: Undertow request failed HttpServerExchange{ POST /api/rest/auth/register} [component=, trace=]
java.lang.ClassCastException: class java.lang.Integer cannot be cast to class java.lang.String (java.lang.Integer and java.lang.String are in module java.base of loader 'bootstrap')
	at org.skypulse.auth.UserSignupHandler.handleRequest(AuthRegisterHandler.java:31)
	at io.undertow.server.handlers.BlockingHandler.handleRequest(BlockingHandler.java:56)
	at io.undertow.server.Connectors.executeRootHandler(Connectors.java:395)
	at io.undertow.server.HttpServerExchange$1.run(HttpServerExchange.java:900)
	at org.jboss.threads.ContextHandler$1.runWith(ContextHandler.java:18)
	at org.jboss.threads.EnhancedQueueExecutor$Task.doRunWith(EnhancedQueueExecutor.java:2691)
	at org.jboss.threads.EnhancedQueueExecutor$Task.run(EnhancedQueueExecutor.java:2670)
	at org.jboss.threads.EnhancedQueueExecutor$ThreadBody.run(EnhancedQueueExecutor.java:1615)
	at org.xnio.XnioWorker$WorkerThreadFactory$1$1.run(XnioWorker.java:1282)
	at java.base/java.lang.Thread.run(Thread.java:1474)
2025-11-16 19:13:02.532 [XNIO-1 task-2] ERROR io.undertow.request - UT005071: Undertow request failed HttpServerExchange{ POST /api/rest/auth/register} [component=, trace=]
java.lang.ClassCastException: class java.lang.Integer cannot be cast to class java.lang.String (java.lang.Integer and java.lang.String are in module java.base of loader 'bootstrap')
	at org.skypulse.auth.UserSignupHandler.handleRequest(AuthRegisterHandler.java:32)
	at io.undertow.server.handlers.BlockingHandler.handleRequest(BlockingHandler.java:56)
	at io.undertow.server.Connectors.executeRootHandler(Connectors.java:395)
	at io.undertow.server.HttpServerExchange$1.run(HttpServerExchange.java:900)
	at org.jboss.threads.ContextHandler$1.runWith(ContextHandler.java:18)
	at org.jboss.threads.EnhancedQueueExecutor$Task.doRunWith(EnhancedQueueExecutor.java:2691)
	at org.jboss.threads.EnhancedQueueExecutor$Task.run(EnhancedQueueExecutor.java:2670)
	at org.jboss.threads.EnhancedQueueExecutor$ThreadBody.run(EnhancedQueueExecutor.java:1615)
	at org.xnio.XnioWorker$WorkerThreadFactory$1$1.run(XnioWorker.java:1282)
	at java.base/java.lang.Thread.run(Thread.java:1474)
2025-11-16 19:13:32.880 [XNIO-1 task-2] ERROR io.undertow.request - UT005071: Undertow request failed HttpServerExchange{ POST /api/rest/auth/register} [component=, trace=]
java.lang.ClassCastException: class java.lang.Integer cannot be cast to class java.lang.String (java.lang.Integer and java.lang.String are in module java.base of loader 'bootstrap')
	at org.skypulse.auth.UserSignupHandler.handleRequest(AuthRegisterHandler.java:32)
	at io.undertow.server.handlers.BlockingHandler.handleRequest(BlockingHandler.java:56)
	at io.undertow.server.Connectors.executeRootHandler(Connectors.java:395)
	at io.undertow.server.HttpServerExchange$1.run(HttpServerExchange.java:900)
	at org.jboss.threads.ContextHandler$1.runWith(ContextHandler.java:18)
	at org.jboss.threads.EnhancedQueueExecutor$Task.doRunWith(EnhancedQueueExecutor.java:2691)
	at org.jboss.threads.EnhancedQueueExecutor$Task.run(EnhancedQueueExecutor.java:2670)
	at org.jboss.threads.EnhancedQueueExecutor$ThreadBody.run(EnhancedQueueExecutor.java:1615)
	at org.xnio.XnioWorker$WorkerThreadFactory$1$1.run(XnioWorker.java:1282)
	at java.base/java.lang.Thread.run(Thread.java:1474)
2025-11-16 19:13:34.027 [XNIO-1 task-2] ERROR io.undertow.request - UT005071: Undertow request failed HttpServerExchange{ POST /api/rest/auth/register} [component=, trace=]
java.lang.ClassCastException: class java.lang.Integer cannot be cast to class java.lang.String (java.lang.Integer and java.lang.String are in module java.base of loader 'bootstrap')
	at org.skypulse.auth.UserSignupHandler.handleRequest(AuthRegisterHandler.java:32)
	at io.undertow.server.handlers.BlockingHandler.handleRequest(BlockingHandler.java:56)
	at io.undertow.server.Connectors.executeRootHandler(Connectors.java:395)
	at io.undertow.server.HttpServerExchange$1.run(HttpServerExchange.java:900)
	at org.jboss.threads.ContextHandler$1.runWith(ContextHandler.java:18)
	at org.jboss.threads.EnhancedQueueExecutor$Task.doRunWith(EnhancedQueueExecutor.java:2691)
	at org.jboss.threads.EnhancedQueueExecutor$Task.run(EnhancedQueueExecutor.java:2670)
	at org.jboss.threads.EnhancedQueueExecutor$ThreadBody.run(EnhancedQueueExecutor.java:1615)
	at org.xnio.XnioWorker$WorkerThreadFactory$1$1.run(XnioWorker.java:1282)
	at java.base/java.lang.Thread.run(Thread.java:1474)
2025-11-16 19:13:34.674 [XNIO-1 task-2] ERROR io.undertow.request - UT005071: Undertow request failed HttpServerExchange{ POST /api/rest/auth/register} [component=, trace=]
java.lang.ClassCastException: class java.lang.Integer cannot be cast to class java.lang.String (java.lang.Integer and java.lang.String are in module java.base of loader 'bootstrap')
	at org.skypulse.auth.UserSignupHandler.handleRequest(AuthRegisterHandler.java:32)
	at io.undertow.server.handlers.BlockingHandler.handleRequest(BlockingHandler.java:56)
	at io.undertow.server.Connectors.executeRootHandler(Connectors.java:395)
	at io.undertow.server.HttpServerExchange$1.run(HttpServerExchange.java:900)
	at org.jboss.threads.ContextHandler$1.runWith(ContextHandler.java:18)
	at org.jboss.threads.EnhancedQueueExecutor$Task.doRunWith(EnhancedQueueExecutor.java:2691)
	at org.jboss.threads.EnhancedQueueExecutor$Task.run(EnhancedQueueExecutor.java:2670)
	at org.jboss.threads.EnhancedQueueExecutor$ThreadBody.run(EnhancedQueueExecutor.java:1615)
	at org.xnio.XnioWorker$WorkerThreadFactory$1$1.run(XnioWorker.java:1282)
	at java.base/java.lang.Thread.run(Thread.java:1474)
2025-11-16 19:26:39.795 [XNIO-1 task-2] ERROR io.undertow.request - UT005071: Undertow request failed HttpServerExchange{ POST /api/rest/auth/register} [component=, trace=]
java.lang.ClassCastException: class java.lang.Integer cannot be cast to class java.lang.String (java.lang.Integer and java.lang.String are in module java.base of loader 'bootstrap')
	at org.skypulse.auth.UserSignupHandler.handleRequest(AuthRegisterHandler.java:32)
	at io.undertow.server.handlers.BlockingHandler.handleRequest(BlockingHandler.java:56)
	at io.undertow.server.Connectors.executeRootHandler(Connectors.java:395)
	at io.undertow.server.HttpServerExchange$1.run(HttpServerExchange.java:900)
	at org.jboss.threads.ContextHandler$1.runWith(ContextHandler.java:18)
	at org.jboss.threads.EnhancedQueueExecutor$Task.doRunWith(EnhancedQueueExecutor.java:2691)
	at org.jboss.threads.EnhancedQueueExecutor$Task.run(EnhancedQueueExecutor.java:2670)
	at org.jboss.threads.EnhancedQueueExecutor$ThreadBody.run(EnhancedQueueExecutor.java:1589)
	at org.xnio.XnioWorker$WorkerThreadFactory$1$1.run(XnioWorker.java:1282)
	at java.base/java.lang.Thread.run(Thread.java:1474)
