2025-11-13 10:18:48.236 [main] ERROR org.skypulse.Main - System startup failed: Failed to load config file!unexpected element (uri:"", local:"configurtion"). Expected elements are <{}configuration>,<{}connectionPool>,<{}dataSource>,<{}email>,<{}logging>,<{}notification>,<{}server>,<{}sms>,<{}telegram>  [component=, trace=]
java.lang.IllegalStateException: Failed to load config file!unexpected element (uri:"", local:"configurtion"). Expected elements are <{}configuration>,<{}connectionPool>,<{}dataSource>,<{}email>,<{}logging>,<{}notification>,<{}server>,<{}sms>,<{}telegram>
	at org.skypulse.config.ConfigLoader.loadConfig(ConfigLoader.java:17)
	at org.skypulse.Main.main(Main.java:20)
Caused by: jakarta.xml.bind.UnmarshalException: unexpected element (uri:"", local:"configurtion"). Expected elements are <{}configuration>,<{}connectionPool>,<{}dataSource>,<{}email>,<{}logging>,<{}notification>,<{}server>,<{}sms>,<{}telegram>
	at org.glassfish.jaxb.runtime.v2.runtime.unmarshaller.UnmarshallingContext.handleEvent(UnmarshallingContext.java:693)
	at org.glassfish.jaxb.runtime.v2.runtime.unmarshaller.Loader.reportError(Loader.java:230)
	at org.glassfish.jaxb.runtime.v2.runtime.unmarshaller.Loader.reportError(Loader.java:225)
	at org.glassfish.jaxb.runtime.v2.runtime.unmarshaller.Loader.reportUnexpectedChildElement(Loader.java:92)
	at org.glassfish.jaxb.runtime.v2.runtime.unmarshaller.UnmarshallingContext$DefaultRootLoader.childElement(UnmarshallingContext.java:1102)
	at org.glassfish.jaxb.runtime.v2.runtime.unmarshaller.UnmarshallingContext._startElement(UnmarshallingContext.java:527)
	at org.glassfish.jaxb.runtime.v2.runtime.unmarshaller.UnmarshallingContext.startElement(UnmarshallingContext.java:509)
	at org.glassfish.jaxb.runtime.v2.runtime.unmarshaller.InterningXmlVisitor.startElement(InterningXmlVisitor.java:49)
	at org.glassfish.jaxb.runtime.v2.runtime.unmarshaller.SAXConnector.startElement(SAXConnector.java:137)
	at org.glassfish.jaxb.core.unmarshaller.DOMScanner.visit(DOMScanner.java:224)
	at org.glassfish.jaxb.core.unmarshaller.DOMScanner.scan(DOMScanner.java:102)
	at org.glassfish.jaxb.core.unmarshaller.DOMScanner.scan(DOMScanner.java:80)
	at org.glassfish.jaxb.runtime.v2.runtime.unmarshaller.UnmarshallerImpl.unmarshal0(UnmarshallerImpl.java:332)
	at org.glassfish.jaxb.runtime.v2.runtime.unmarshaller.UnmarshallerImpl.unmarshal(UnmarshallerImpl.java:313)
	at org.skypulse.config.utils.XmlUtil.unmarshal(XmlUtil.java:23)
	at org.skypulse.config.ConfigLoader.loadConfig(ConfigLoader.java:15)
	... 1 common frames omitted
2025-11-13 11:02:15.057 [main] ERROR org.skypulse.Main - System startup failed: Failed to load config file!unexpected element (uri:"", local:"configurtion"). Expected elements are <{}configuration>,<{}connectionPool>,<{}dataSource>,<{}email>,<{}logging>,<{}notification>,<{}server>,<{}sms>,<{}telegram>  [component=, trace=]
java.lang.IllegalStateException: Failed to load config file!unexpected element (uri:"", local:"configurtion"). Expected elements are <{}configuration>,<{}connectionPool>,<{}dataSource>,<{}email>,<{}logging>,<{}notification>,<{}server>,<{}sms>,<{}telegram>
	at org.skypulse.config.ConfigLoader.loadConfig(ConfigLoader.java:19)
	at org.skypulse.Main.main(Main.java:20)
Caused by: jakarta.xml.bind.UnmarshalException: unexpected element (uri:"", local:"configurtion"). Expected elements are <{}configuration>,<{}connectionPool>,<{}dataSource>,<{}email>,<{}logging>,<{}notification>,<{}server>,<{}sms>,<{}telegram>
	at org.glassfish.jaxb.runtime.v2.runtime.unmarshaller.UnmarshallingContext.handleEvent(UnmarshallingContext.java:693)
	at org.glassfish.jaxb.runtime.v2.runtime.unmarshaller.Loader.reportError(Loader.java:230)
	at org.glassfish.jaxb.runtime.v2.runtime.unmarshaller.Loader.reportError(Loader.java:225)
	at org.glassfish.jaxb.runtime.v2.runtime.unmarshaller.Loader.reportUnexpectedChildElement(Loader.java:92)
	at org.glassfish.jaxb.runtime.v2.runtime.unmarshaller.UnmarshallingContext$DefaultRootLoader.childElement(UnmarshallingContext.java:1102)
	at org.glassfish.jaxb.runtime.v2.runtime.unmarshaller.UnmarshallingContext._startElement(UnmarshallingContext.java:527)
	at org.glassfish.jaxb.runtime.v2.runtime.unmarshaller.UnmarshallingContext.startElement(UnmarshallingContext.java:509)
	at org.glassfish.jaxb.runtime.v2.runtime.unmarshaller.InterningXmlVisitor.startElement(InterningXmlVisitor.java:49)
	at org.glassfish.jaxb.runtime.v2.runtime.unmarshaller.SAXConnector.startElement(SAXConnector.java:137)
	at org.glassfish.jaxb.core.unmarshaller.DOMScanner.visit(DOMScanner.java:224)
	at org.glassfish.jaxb.core.unmarshaller.DOMScanner.scan(DOMScanner.java:102)
	at org.glassfish.jaxb.core.unmarshaller.DOMScanner.scan(DOMScanner.java:80)
	at org.glassfish.jaxb.runtime.v2.runtime.unmarshaller.UnmarshallerImpl.unmarshal0(UnmarshallerImpl.java:332)
	at org.glassfish.jaxb.runtime.v2.runtime.unmarshaller.UnmarshallerImpl.unmarshal(UnmarshallerImpl.java:313)
	at org.skypulse.config.utils.XmlUtil.unmarshal(XmlUtil.java:23)
	at org.skypulse.config.ConfigLoader.loadConfig(ConfigLoader.java:17)
	... 1 common frames omitted
